<?xml version="1.0" encoding="UTF-8"?>
<!-- Generated by org.testng.reporters.JUnitXMLReporter -->
<testsuite ignored="0" hostname="SHARAD-ABHAY" failures="1" tests="1" name="Test" time="12.205" errors="0" timestamp="2023-04-06T22:40:34 IST">
  <testcase classname="ui.ListnerDemoTest" name="launchApp" time="9.237">
    <failure type="java.lang.AssertionError" message="expected [true] but found [false]">
      <![CDATA[java.lang.AssertionError: expected [true] but found [false]
at ui.ListnerDemoTest.launchApp(ListnerDemoTest.java:12)
at java.base/java.util.ArrayList.forEach(ArrayList.java:1511)
... Removed 31 stack frames]]>
    </failure>
  </testcase> <!-- launchApp -->
</testsuite> <!-- Test -->
