<?xml version="1.0" encoding="UTF-8"?>
<testng-results ignored="0" total="1" passed="1" failed="0" skipped="0">
  <reporter-output>
  </reporter-output>
  <suite started-at="2023-04-23T10:29:34 IST" name="Default suite" finished-at="2023-04-23T10:30:11 IST" duration-ms="36683">
    <groups>
    </groups>
    <test started-at="2023-04-23T10:29:34 IST" name="Default test" finished-at="2023-04-23T10:30:11 IST" duration-ms="36683">
      <class name="pagefactory_testng.UpdateNaukriResume">
        <test-method signature="updateResume()[pri:0, instance:pagefactory_testng.UpdateNaukriResume@7db12bb6]" started-at="2023-04-23T10:29:34 IST" name="updateResume" finished-at="2023-04-23T10:30:11 IST" duration-ms="36541" status="PASS">
          <reporter-output>
          </reporter-output>
        </test-method> <!-- updateResume -->
      </class> <!-- pagefactory_testng.UpdateNaukriResume -->
    </test> <!-- Default test -->
  </suite> <!-- Default suite -->
</testng-results>
